<?xml version="1.0" encoding="UTF-8"?><testrun duration="89125" footerText="Generated by IntelliJ IDEA on 06/01/25, 7:07â€¯pm" name="LeapifyTalkUITesting">
    <count name="total" value="12"/>
    <count name="error" value="10"/>
    <count name="passed" value="2"/>
    <config nameIsGenerated="true" configId="TestNG" name="LeapifyTalkUITesting">
        <module name="LeapifyTalk"/>
        <option name="PACKAGE_NAME" value=""/>
        <option name="MAIN_CLASS_NAME" value="LeapifyTalkUITesting"/>
        <option name="TEST_OBJECT" value="CLASS"/>
        <properties/>
        <listeners/>
        <method v="2">
            <option name="Make" enabled="true"/>
        </method>
    </config>
    <root name="Default Suite" location="file://C:\Users\saiki\AppData\Local\JetBrains\IdeaIC2024.2\temp-testng-customsuite.xml">
        <output type="stdout">C:\Users\saiki\.jdks\openjdk-22.0.1\bin\java.exe -ea -Didea.test.cyclic.buffer.size=1048576 "-javaagent:C:\Users\saiki\OneDrive\Desktop\st\IntelliJ IDEA Community Edition 2024.2.1\lib\idea_rt.jar=58921:C:\Users\saiki\OneDrive\Desktop\st\IntelliJ IDEA Community Edition 2024.2.1\bin" -Dfile.encoding=UTF-8 -Dsun.stdout.encoding=UTF-8 -Dsun.stderr.encoding=UTF-8 -classpath "C:\Users\saiki\OneDrive\Desktop\st\IntelliJ IDEA Community Edition 2024.2.1\lib\idea_rt.jar;C:\Users\saiki\OneDrive\Desktop\st\IntelliJ IDEA Community Edition 2024.2.1\plugins\testng\lib\testng-rt.jar;C:\Users\saiki\Downloads\LeapifyTalk\target\test-classes;C:\Users\saiki\Downloads\LeapifyTalk\target\classes;C:\Users\saiki\.m2\repository\org\seleniumhq\selenium\selenium-java\4.27.0\selenium-java-4.27.0.jar;C:\Users\saiki\.m2\repository\org\seleniumhq\selenium\selenium-api\4.27.0\selenium-api-4.27.0.jar;C:\Users\saiki\.m2\repository\org\jspecify\jspecify\1.0.0\jspecify-1.0.0.jar;C:\Users\saiki\.m2\repository\org\seleniumhq\selenium\selenium-chrome-driver\4.27.0\selenium-chrome-driver-4.27.0.jar;C:\Users\saiki\.m2\repository\com\google\auto\service\auto-service-annotations\1.1.1\auto-service-annotations-1.1.1.jar;C:\Users\saiki\.m2\repository\org\seleniumhq\selenium\selenium-chromium-driver\4.27.0\selenium-chromium-driver-4.27.0.jar;C:\Users\saiki\.m2\repository\org\seleniumhq\selenium\selenium-json\4.27.0\selenium-json-4.27.0.jar;C:\Users\saiki\.m2\repository\org\seleniumhq\selenium\selenium-manager\4.27.0\selenium-manager-4.27.0.jar;C:\Users\saiki\.m2\repository\org\seleniumhq\selenium\selenium-devtools-v129\4.27.0\selenium-devtools-v129-4.27.0.jar;C:\Users\saiki\.m2\repository\org\seleniumhq\selenium\selenium-devtools-v130\4.27.0\selenium-devtools-v130-4.27.0.jar;C:\Users\saiki\.m2\repository\org\seleniumhq\selenium\selenium-devtools-v131\4.27.0\selenium-devtools-v131-4.27.0.jar;C:\Users\saiki\.m2\repository\org\seleniumhq\selenium\selenium-devtools-v85\4.27.0\selenium-devtools-v85-4.27.0.jar;C:\Users\saiki\.m2\repository\org\seleniumhq\selenium\selenium-edge-driver\4.27.0\selenium-edge-driver-4.27.0.jar;C:\Users\saiki\.m2\repository\org\seleniumhq\selenium\selenium-firefox-driver\4.27.0\selenium-firefox-driver-4.27.0.jar;C:\Users\saiki\.m2\repository\org\seleniumhq\selenium\selenium-http\4.27.0\selenium-http-4.27.0.jar;C:\Users\saiki\.m2\repository\dev\failsafe\failsafe\3.3.2\failsafe-3.3.2.jar;C:\Users\saiki\.m2\repository\org\seleniumhq\selenium\selenium-ie-driver\4.27.0\selenium-ie-driver-4.27.0.jar;C:\Users\saiki\.m2\repository\org\seleniumhq\selenium\selenium-remote-driver\4.27.0\selenium-remote-driver-4.27.0.jar;C:\Users\saiki\.m2\repository\com\google\guava\guava\33.3.1-jre\guava-33.3.1-jre.jar;C:\Users\saiki\.m2\repository\com\google\guava\failureaccess\1.0.2\failureaccess-1.0.2.jar;C:\Users\saiki\.m2\repository\com\google\guava\listenablefuture\9999.0-empty-to-avoid-conflict-with-guava\listenablefuture-9999.0-empty-to-avoid-conflict-with-guava.jar;C:\Users\saiki\.m2\repository\com\google\code\findbugs\jsr305\3.0.2\jsr305-3.0.2.jar;C:\Users\saiki\.m2\repository\org\checkerframework\checker-qual\3.43.0\checker-qual-3.43.0.jar;C:\Users\saiki\.m2\repository\com\google\errorprone\error_prone_annotations\2.28.0\error_prone_annotations-2.28.0.jar;C:\Users\saiki\.m2\repository\com\google\j2objc\j2objc-annotations\3.0.0\j2objc-annotations-3.0.0.jar;C:\Users\saiki\.m2\repository\io\opentelemetry\semconv\opentelemetry-semconv\1.25.0-alpha\opentelemetry-semconv-1.25.0-alpha.jar;C:\Users\saiki\.m2\repository\io\opentelemetry\opentelemetry-exporter-logging\1.44.1\opentelemetry-exporter-logging-1.44.1.jar;C:\Users\saiki\.m2\repository\io\opentelemetry\opentelemetry-sdk-extension-autoconfigure-spi\1.44.1\opentelemetry-sdk-extension-autoconfigure-spi-1.44.1.jar;C:\Users\saiki\.m2\repository\io\opentelemetry\opentelemetry-sdk-extension-autoconfigure\1.44.1\opentelemetry-sdk-extension-autoconfigure-1.44.1.jar;C:\Users\saiki\.m2\repository\io\opentelemetry\opentelemetry-api-incubator\1.44.1-alpha\opentelemetry-api-incubator-1.44.1-alpha.jar;C:\Users\saiki\.m2\repository\net\bytebuddy\byte-buddy\1.15.10\byte-buddy-1.15.10.jar;C:\Users\saiki\.m2\repository\org\seleniumhq\selenium\selenium-os\4.27.0\selenium-os-4.27.0.jar;C:\Users\saiki\.m2\repository\org\apache\commons\commons-exec\1.4.0\commons-exec-1.4.0.jar;C:\Users\saiki\.m2\repository\org\seleniumhq\selenium\selenium-safari-driver\4.27.0\selenium-safari-driver-4.27.0.jar;C:\Users\saiki\.m2\repository\org\seleniumhq\selenium\selenium-support\4.27.0\selenium-support-4.27.0.jar;C:\Users\saiki\.m2\repository\io\opentelemetry\opentelemetry-api\1.18.0\opentelemetry-api-1.18.0.jar;C:\Users\saiki\.m2\repository\io\opentelemetry\opentelemetry-context\1.18.0\opentelemetry-context-1.18.0.jar;C:\Users\saiki\.m2\repository\io\opentelemetry\opentelemetry-sdk\1.18.0\opentelemetry-sdk-1.18.0.jar;C:\Users\saiki\.m2\repository\io\opentelemetry\opentelemetry-sdk-common\1.18.0\opentelemetry-sdk-common-1.18.0.jar;C:\Users\saiki\.m2\repository\io\opentelemetry\opentelemetry-semconv\1.18.0-alpha\opentelemetry-semconv-1.18.0-alpha.jar;C:\Users\saiki\.m2\repository\io\opentelemetry\opentelemetry-sdk-trace\1.18.0\opentelemetry-sdk-trace-1.18.0.jar;C:\Users\saiki\.m2\repository\io\opentelemetry\opentelemetry-sdk-metrics\1.18.0\opentelemetry-sdk-metrics-1.18.0.jar;C:\Users\saiki\.m2\repository\io\opentelemetry\opentelemetry-sdk-logs\1.18.0-alpha\opentelemetry-sdk-logs-1.18.0-alpha.jar;C:\Users\saiki\.m2\repository\org\apache\poi\poi\5.3.0\poi-5.3.0.jar;C:\Users\saiki\.m2\repository\commons-codec\commons-codec\1.17.0\commons-codec-1.17.0.jar;C:\Users\saiki\.m2\repository\org\apache\commons\commons-collections4\4.4\commons-collections4-4.4.jar;C:\Users\saiki\.m2\repository\org\apache\commons\commons-math3\3.6.1\commons-math3-3.6.1.jar;C:\Users\saiki\.m2\repository\com\zaxxer\SparseBitSet\1.3\SparseBitSet-1.3.jar;C:\Users\saiki\.m2\repository\org\apache\poi\poi-ooxml\5.3.0\poi-ooxml-5.3.0.jar;C:\Users\saiki\.m2\repository\org\apache\poi\poi-ooxml-lite\5.3.0\poi-ooxml-lite-5.3.0.jar;C:\Users\saiki\.m2\repository\org\apache\xmlbeans\xmlbeans\5.2.1\xmlbeans-5.2.1.jar;C:\Users\saiki\.m2\repository\org\apache\commons\commons-compress\1.26.2\commons-compress-1.26.2.jar;C:\Users\saiki\.m2\repository\com\github\virtuald\curvesapi\1.08\curvesapi-1.08.jar;C:\Users\saiki\.m2\repository\org\apache\logging\log4j\log4j-core\2.23.1\log4j-core-2.23.1.jar;C:\Users\saiki\.m2\repository\org\apache\logging\log4j\log4j-api\2.23.1\log4j-api-2.23.1.jar;C:\Users\saiki\.m2\repository\commons-io\commons-io\2.18.0\commons-io-2.18.0.jar;C:\Users\saiki\.m2\repository\org\apache\commons\commons-lang3\3.17.0\commons-lang3-3.17.0.jar;C:\Users\saiki\.m2\repository\org\apache\logging\log4j\log4j-slf4j-impl\2.23.1\log4j-slf4j-impl-2.23.1.jar;C:\Users\saiki\.m2\repository\org\slf4j\slf4j-api\1.7.36\slf4j-api-1.7.36.jar;C:\Users\saiki\.m2\repository\org\testng\testng\7.10.2\testng-7.10.2.jar;C:\Users\saiki\.m2\repository\com\beust\jcommander\1.82\jcommander-1.82.jar;C:\Users\saiki\.m2\repository\org\webjars\jquery\3.7.1\jquery-3.7.1.jar;C:\Users\saiki\.m2\repository\com\aventstack\extentreports\5.1.2\extentreports-5.1.2.jar;C:\Users\saiki\.m2\repository\io\reactivex\rxjava3\rxjava\3.1.6\rxjava-3.1.6.jar;C:\Users\saiki\.m2\repository\org\reactivestreams\reactive-streams\1.0.4\reactive-streams-1.0.4.jar;C:\Users\saiki\.m2\repository\org\freemarker\freemarker\2.3.32\freemarker-2.3.32.jar;C:\Users\saiki\.m2\repository\org\projectlombok\lombok\1.18.26\lombok-1.18.26.jar;C:\Users\saiki\.m2\repository\com\google\code\gson\gson\2.10.1\gson-2.10.1.jar" com.intellij.rt.testng.RemoteTestNGStarter -usedefaultlisteners false -socket58920 @w@C:\Users\saiki\AppData\Local\Temp\idea_working_dirs_testng.tmp -temp C:\Users\saiki\AppData\Local\Temp\idea_testng.tmp
</output>
        <output type="stdout">===============================================
Default Suite
Total tests run: 10, Passes: 0, Failures: 10, Skips: 0
===============================================
</output>
        <output type="stdout">Process finished with exit code 0
</output>
    </root>
    <suite duration="89125" locationUrl="file://C:\Users\saiki\AppData\Local\JetBrains\IdeaIC2024.2\temp-testng-customsuite.xml" name="LeapifyTalk" status="error">
        <suite duration="89125" locationUrl="java:suite://LeapifyTalkUITesting" name="LeapifyTalkUITesting" status="error">
            <test duration="10029" locationUrl="java:test://LeapifyTalkUITesting/testFontSizeOnHomepage" name="LeapifyTalkUITesting.testFontSizeOnHomepage" status="error">
                <output type="stderr">org.openqa.selenium.NoSuchElementException: no such element: Unable to locate element: {"method":"xpath","selector":"//h1[text()='Expected Heading Text']"}
  (Session info: chrome=131.0.6778.205)
For documentation on this error, please visit: https://www.selenium.dev/documentation/webdriver/troubleshooting/errors#no-such-element-exception
Build info: version: '4.27.0', revision: 'd6e718d134'
System info: os.name: 'Windows 11', os.arch: 'amd64', os.version: '10.0', java.version: '22.0.1'
Driver info: org.openqa.selenium.chrome.ChromeDriver
Command: [c31ff697a3ef2cbb9f2c5da3fa5b275f, findElement {value=//h1[text()='Expected Heading Text'], using=xpath}]
Capabilities {acceptInsecureCerts: false, browserName: chrome, browserVersion: 131.0.6778.205, chrome: {chromedriverVersion: 131.0.6778.204 (52183f9e99a..., userDataDir: C:\Users\saiki\AppData\Loca...}, fedcm:accounts: true, goog:chromeOptions: {debuggerAddress: localhost:58929}, networkConnectionEnabled: false, pageLoadStrategy: normal, platformName: windows, proxy: Proxy(), se:cdp: ws://localhost:58929/devtoo..., se:cdpVersion: 131.0.6778.205, setWindowRect: true, strictFileInteractability: false, timeouts: {implicit: 0, pageLoad: 300000, script: 30000}, unhandledPromptBehavior: dismiss and notify, webauthn:extension:credBlob: true, webauthn:extension:largeBlob: true, webauthn:extension:minPinLength: true, webauthn:extension:prf: true, webauthn:virtualAuthenticators: true}
Session ID: c31ff697a3ef2cbb9f2c5da3fa5b275f&#13;
	at java.base/jdk.internal.reflect.DirectConstructorHandleAccessor.newInstance(DirectConstructorHandleAccessor.java:62)&#13;
	at java.base/java.lang.reflect.Constructor.newInstanceWithCaller(Constructor.java:502)&#13;
	at java.base/java.lang.reflect.Constructor.newInstance(Constructor.java:486)&#13;
	at org.openqa.selenium.remote.ErrorCodec.decode(ErrorCodec.java:167)&#13;
	at org.openqa.selenium.remote.codec.w3c.W3CHttpResponseCodec.decode(W3CHttpResponseCodec.java:138)&#13;
	at org.openqa.selenium.remote.codec.w3c.W3CHttpResponseCodec.decode(W3CHttpResponseCodec.java:50)&#13;
	at org.openqa.selenium.remote.HttpCommandExecutor.execute(HttpCommandExecutor.java:190)&#13;
	at org.openqa.selenium.remote.service.DriverCommandExecutor.invokeExecute(DriverCommandExecutor.java:216)&#13;
	at org.openqa.selenium.remote.service.DriverCommandExecutor.execute(DriverCommandExecutor.java:174)&#13;
	at org.openqa.selenium.remote.RemoteWebDriver.execute(RemoteWebDriver.java:545)&#13;
	at org.openqa.selenium.remote.ElementLocation$ElementFinder$2.findElement(ElementLocation.java:165)&#13;
	at org.openqa.selenium.remote.ElementLocation.findElement(ElementLocation.java:59)&#13;
	at org.openqa.selenium.remote.RemoteWebDriver.findElement(RemoteWebDriver.java:368)&#13;
	at org.openqa.selenium.remote.RemoteWebDriver.findElement(RemoteWebDriver.java:362)&#13;
	at LeapifyTalkUITesting.testFontSizeOnHomepage(LeapifyTalkUITesting.java:26)&#13;
	at java.base/jdk.internal.reflect.DirectMethodHandleAccessor.invoke(DirectMethodHandleAccessor.java:103)&#13;
	at java.base/java.lang.reflect.Method.invoke(Method.java:580)&#13;
	at org.testng.internal.invokers.MethodInvocationHelper.invokeMethod(MethodInvocationHelper.java:141)&#13;
	at org.testng.internal.invokers.TestInvoker.invokeMethod(TestInvoker.java:686)&#13;
	at org.testng.internal.invokers.TestInvoker.invokeTestMethod(TestInvoker.java:230)&#13;
	at org.testng.internal.invokers.MethodRunner.runInSequence(MethodRunner.java:63)&#13;
	at org.testng.internal.invokers.TestInvoker$MethodInvocationAgent.invoke(TestInvoker.java:992)&#13;
	at org.testng.internal.invokers.TestInvoker.invokeTestMethods(TestInvoker.java:203)&#13;
	at org.testng.internal.invokers.TestMethodWorker.invokeTestMethods(TestMethodWorker.java:154)&#13;
	at org.testng.internal.invokers.TestMethodWorker.run(TestMethodWorker.java:134)&#13;
	at java.base/java.util.ArrayList.forEach(ArrayList.java:1597)&#13;
	at org.testng.TestRunner.privateRun(TestRunner.java:739)&#13;
	at org.testng.TestRunner.run(TestRunner.java:614)&#13;
	at org.testng.SuiteRunner.runTest(SuiteRunner.java:421)&#13;
	at org.testng.SuiteRunner.runSequentially(SuiteRunner.java:413)&#13;
	at org.testng.SuiteRunner.privateRun(SuiteRunner.java:373)&#13;
	at org.testng.SuiteRunner.run(SuiteRunner.java:312)&#13;
	at org.testng.SuiteRunnerWorker.runSuite(SuiteRunnerWorker.java:52)&#13;
	at org.testng.SuiteRunnerWorker.run(SuiteRunnerWorker.java:95)&#13;
	at org.testng.TestNG.runSuitesSequentially(TestNG.java:1274)&#13;
	at org.testng.TestNG.runSuitesLocally(TestNG.java:1208)&#13;
	at org.testng.TestNG.runSuites(TestNG.java:1112)&#13;
	at org.testng.TestNG.run(TestNG.java:1079)&#13;
	at com.intellij.rt.testng.IDEARemoteTestNG.run(IDEARemoteTestNG.java:65)&#13;
	at com.intellij.rt.testng.RemoteTestNGStarter.main(RemoteTestNGStarter.java:105)&#13;
</output>
            </test>
            <test duration="10062" locationUrl="java:test://LeapifyTalkUITesting/testTypoInServicesSection" name="LeapifyTalkUITesting.testTypoInServicesSection" status="error">
                <output type="stderr">org.openqa.selenium.NoSuchElementException: no such element: Unable to locate element: {"method":"xpath","selector":"//section[contains(text(), 'Servces')]"}
  (Session info: chrome=131.0.6778.205)
For documentation on this error, please visit: https://www.selenium.dev/documentation/webdriver/troubleshooting/errors#no-such-element-exception
Build info: version: '4.27.0', revision: 'd6e718d134'
System info: os.name: 'Windows 11', os.arch: 'amd64', os.version: '10.0', java.version: '22.0.1'
Driver info: org.openqa.selenium.chrome.ChromeDriver
Command: [c31ff697a3ef2cbb9f2c5da3fa5b275f, findElement {value=//section[contains(text(), 'Servces')], using=xpath}]
Capabilities {acceptInsecureCerts: false, browserName: chrome, browserVersion: 131.0.6778.205, chrome: {chromedriverVersion: 131.0.6778.204 (52183f9e99a..., userDataDir: C:\Users\saiki\AppData\Loca...}, fedcm:accounts: true, goog:chromeOptions: {debuggerAddress: localhost:58929}, networkConnectionEnabled: false, pageLoadStrategy: normal, platformName: windows, proxy: Proxy(), se:cdp: ws://localhost:58929/devtoo..., se:cdpVersion: 131.0.6778.205, setWindowRect: true, strictFileInteractability: false, timeouts: {implicit: 0, pageLoad: 300000, script: 30000}, unhandledPromptBehavior: dismiss and notify, webauthn:extension:credBlob: true, webauthn:extension:largeBlob: true, webauthn:extension:minPinLength: true, webauthn:extension:prf: true, webauthn:virtualAuthenticators: true}
Session ID: c31ff697a3ef2cbb9f2c5da3fa5b275f&#13;
	at java.base/jdk.internal.reflect.DirectConstructorHandleAccessor.newInstance(DirectConstructorHandleAccessor.java:62)&#13;
	at java.base/java.lang.reflect.Constructor.newInstanceWithCaller(Constructor.java:502)&#13;
	at java.base/java.lang.reflect.Constructor.newInstance(Constructor.java:486)&#13;
	at org.openqa.selenium.remote.ErrorCodec.decode(ErrorCodec.java:167)&#13;
	at org.openqa.selenium.remote.codec.w3c.W3CHttpResponseCodec.decode(W3CHttpResponseCodec.java:138)&#13;
	at org.openqa.selenium.remote.codec.w3c.W3CHttpResponseCodec.decode(W3CHttpResponseCodec.java:50)&#13;
	at org.openqa.selenium.remote.HttpCommandExecutor.execute(HttpCommandExecutor.java:190)&#13;
	at org.openqa.selenium.remote.service.DriverCommandExecutor.invokeExecute(DriverCommandExecutor.java:216)&#13;
	at org.openqa.selenium.remote.service.DriverCommandExecutor.execute(DriverCommandExecutor.java:174)&#13;
	at org.openqa.selenium.remote.RemoteWebDriver.execute(RemoteWebDriver.java:545)&#13;
	at org.openqa.selenium.remote.ElementLocation$ElementFinder$2.findElement(ElementLocation.java:165)&#13;
	at org.openqa.selenium.remote.ElementLocation.findElement(ElementLocation.java:59)&#13;
	at org.openqa.selenium.remote.RemoteWebDriver.findElement(RemoteWebDriver.java:368)&#13;
	at org.openqa.selenium.remote.RemoteWebDriver.findElement(RemoteWebDriver.java:362)&#13;
	at LeapifyTalkUITesting.testTypoInServicesSection(LeapifyTalkUITesting.java:33)&#13;
	at java.base/jdk.internal.reflect.DirectMethodHandleAccessor.invoke(DirectMethodHandleAccessor.java:103)&#13;
	at java.base/java.lang.reflect.Method.invoke(Method.java:580)&#13;
	at org.testng.internal.invokers.MethodInvocationHelper.invokeMethod(MethodInvocationHelper.java:141)&#13;
	at org.testng.internal.invokers.TestInvoker.invokeMethod(TestInvoker.java:686)&#13;
	at org.testng.internal.invokers.TestInvoker.invokeTestMethod(TestInvoker.java:230)&#13;
	at org.testng.internal.invokers.MethodRunner.runInSequence(MethodRunner.java:63)&#13;
	at org.testng.internal.invokers.TestInvoker$MethodInvocationAgent.invoke(TestInvoker.java:992)&#13;
	at org.testng.internal.invokers.TestInvoker.invokeTestMethods(TestInvoker.java:203)&#13;
	at org.testng.internal.invokers.TestMethodWorker.invokeTestMethods(TestMethodWorker.java:154)&#13;
	at org.testng.internal.invokers.TestMethodWorker.run(TestMethodWorker.java:134)&#13;
	at java.base/java.util.ArrayList.forEach(ArrayList.java:1597)&#13;
	at org.testng.TestRunner.privateRun(TestRunner.java:739)&#13;
	at org.testng.TestRunner.run(TestRunner.java:614)&#13;
	at org.testng.SuiteRunner.runTest(SuiteRunner.java:421)&#13;
	at org.testng.SuiteRunner.runSequentially(SuiteRunner.java:413)&#13;
	at org.testng.SuiteRunner.privateRun(SuiteRunner.java:373)&#13;
	at org.testng.SuiteRunner.run(SuiteRunner.java:312)&#13;
	at org.testng.SuiteRunnerWorker.runSuite(SuiteRunnerWorker.java:52)&#13;
	at org.testng.SuiteRunnerWorker.run(SuiteRunnerWorker.java:95)&#13;
	at org.testng.TestNG.runSuitesSequentially(TestNG.java:1274)&#13;
	at org.testng.TestNG.runSuitesLocally(TestNG.java:1208)&#13;
	at org.testng.TestNG.runSuites(TestNG.java:1112)&#13;
	at org.testng.TestNG.run(TestNG.java:1079)&#13;
	at com.intellij.rt.testng.IDEARemoteTestNG.run(IDEARemoteTestNG.java:65)&#13;
	at com.intellij.rt.testng.RemoteTestNGStarter.main(RemoteTestNGStarter.java:105)&#13;
</output>
            </test>
            <test duration="10023" locationUrl="java:test://LeapifyTalkUITesting/testContactUsButtonRedirection" name="LeapifyTalkUITesting.testContactUsButtonRedirection" status="error">
                <output type="stderr">org.openqa.selenium.NoSuchElementException: no such element: Unable to locate element: {"method":"xpath","selector":"//a[text()='Contact Us']"}
  (Session info: chrome=131.0.6778.205)
For documentation on this error, please visit: https://www.selenium.dev/documentation/webdriver/troubleshooting/errors#no-such-element-exception
Build info: version: '4.27.0', revision: 'd6e718d134'
System info: os.name: 'Windows 11', os.arch: 'amd64', os.version: '10.0', java.version: '22.0.1'
Driver info: org.openqa.selenium.chrome.ChromeDriver
Command: [c31ff697a3ef2cbb9f2c5da3fa5b275f, findElement {value=//a[text()='Contact Us'], using=xpath}]
Capabilities {acceptInsecureCerts: false, browserName: chrome, browserVersion: 131.0.6778.205, chrome: {chromedriverVersion: 131.0.6778.204 (52183f9e99a..., userDataDir: C:\Users\saiki\AppData\Loca...}, fedcm:accounts: true, goog:chromeOptions: {debuggerAddress: localhost:58929}, networkConnectionEnabled: false, pageLoadStrategy: normal, platformName: windows, proxy: Proxy(), se:cdp: ws://localhost:58929/devtoo..., se:cdpVersion: 131.0.6778.205, setWindowRect: true, strictFileInteractability: false, timeouts: {implicit: 0, pageLoad: 300000, script: 30000}, unhandledPromptBehavior: dismiss and notify, webauthn:extension:credBlob: true, webauthn:extension:largeBlob: true, webauthn:extension:minPinLength: true, webauthn:extension:prf: true, webauthn:virtualAuthenticators: true}
Session ID: c31ff697a3ef2cbb9f2c5da3fa5b275f&#13;
	at java.base/jdk.internal.reflect.DirectConstructorHandleAccessor.newInstance(DirectConstructorHandleAccessor.java:62)&#13;
	at java.base/java.lang.reflect.Constructor.newInstanceWithCaller(Constructor.java:502)&#13;
	at java.base/java.lang.reflect.Constructor.newInstance(Constructor.java:486)&#13;
	at org.openqa.selenium.remote.ErrorCodec.decode(ErrorCodec.java:167)&#13;
	at org.openqa.selenium.remote.codec.w3c.W3CHttpResponseCodec.decode(W3CHttpResponseCodec.java:138)&#13;
	at org.openqa.selenium.remote.codec.w3c.W3CHttpResponseCodec.decode(W3CHttpResponseCodec.java:50)&#13;
	at org.openqa.selenium.remote.HttpCommandExecutor.execute(HttpCommandExecutor.java:190)&#13;
	at org.openqa.selenium.remote.service.DriverCommandExecutor.invokeExecute(DriverCommandExecutor.java:216)&#13;
	at org.openqa.selenium.remote.service.DriverCommandExecutor.execute(DriverCommandExecutor.java:174)&#13;
	at org.openqa.selenium.remote.RemoteWebDriver.execute(RemoteWebDriver.java:545)&#13;
	at org.openqa.selenium.remote.ElementLocation$ElementFinder$2.findElement(ElementLocation.java:165)&#13;
	at org.openqa.selenium.remote.ElementLocation.findElement(ElementLocation.java:59)&#13;
	at org.openqa.selenium.remote.RemoteWebDriver.findElement(RemoteWebDriver.java:368)&#13;
	at org.openqa.selenium.remote.RemoteWebDriver.findElement(RemoteWebDriver.java:362)&#13;
	at LeapifyTalkUITesting.testContactUsButtonRedirection(LeapifyTalkUITesting.java:39)&#13;
	at java.base/jdk.internal.reflect.DirectMethodHandleAccessor.invoke(DirectMethodHandleAccessor.java:103)&#13;
	at java.base/java.lang.reflect.Method.invoke(Method.java:580)&#13;
	at org.testng.internal.invokers.MethodInvocationHelper.invokeMethod(MethodInvocationHelper.java:141)&#13;
	at org.testng.internal.invokers.TestInvoker.invokeMethod(TestInvoker.java:686)&#13;
	at org.testng.internal.invokers.TestInvoker.invokeTestMethod(TestInvoker.java:230)&#13;
	at org.testng.internal.invokers.MethodRunner.runInSequence(MethodRunner.java:63)&#13;
	at org.testng.internal.invokers.TestInvoker$MethodInvocationAgent.invoke(TestInvoker.java:992)&#13;
	at org.testng.internal.invokers.TestInvoker.invokeTestMethods(TestInvoker.java:203)&#13;
	at org.testng.internal.invokers.TestMethodWorker.invokeTestMethods(TestMethodWorker.java:154)&#13;
	at org.testng.internal.invokers.TestMethodWorker.run(TestMethodWorker.java:134)&#13;
	at java.base/java.util.ArrayList.forEach(ArrayList.java:1597)&#13;
	at org.testng.TestRunner.privateRun(TestRunner.java:739)&#13;
	at org.testng.TestRunner.run(TestRunner.java:614)&#13;
	at org.testng.SuiteRunner.runTest(SuiteRunner.java:421)&#13;
	at org.testng.SuiteRunner.runSequentially(SuiteRunner.java:413)&#13;
	at org.testng.SuiteRunner.privateRun(SuiteRunner.java:373)&#13;
	at org.testng.SuiteRunner.run(SuiteRunner.java:312)&#13;
	at org.testng.SuiteRunnerWorker.runSuite(SuiteRunnerWorker.java:52)&#13;
	at org.testng.SuiteRunnerWorker.run(SuiteRunnerWorker.java:95)&#13;
	at org.testng.TestNG.runSuitesSequentially(TestNG.java:1274)&#13;
	at org.testng.TestNG.runSuitesLocally(TestNG.java:1208)&#13;
	at org.testng.TestNG.runSuites(TestNG.java:1112)&#13;
	at org.testng.TestNG.run(TestNG.java:1079)&#13;
	at com.intellij.rt.testng.IDEARemoteTestNG.run(IDEARemoteTestNG.java:65)&#13;
	at com.intellij.rt.testng.RemoteTestNGStarter.main(RemoteTestNGStarter.java:105)&#13;
</output>
            </test>
            <test duration="10058" locationUrl="java:test://LeapifyTalkUITesting/testSearchIconAlignment" name="LeapifyTalkUITesting.testSearchIconAlignment" status="error">
                <output type="stderr">org.openqa.selenium.NoSuchElementException: no such element: Unable to locate element: {"method":"xpath","selector":"//i[@class='search-icon']"}
  (Session info: chrome=131.0.6778.205)
For documentation on this error, please visit: https://www.selenium.dev/documentation/webdriver/troubleshooting/errors#no-such-element-exception
Build info: version: '4.27.0', revision: 'd6e718d134'
System info: os.name: 'Windows 11', os.arch: 'amd64', os.version: '10.0', java.version: '22.0.1'
Driver info: org.openqa.selenium.chrome.ChromeDriver
Command: [c31ff697a3ef2cbb9f2c5da3fa5b275f, findElement {value=//i[@class='search-icon'], using=xpath}]
Capabilities {acceptInsecureCerts: false, browserName: chrome, browserVersion: 131.0.6778.205, chrome: {chromedriverVersion: 131.0.6778.204 (52183f9e99a..., userDataDir: C:\Users\saiki\AppData\Loca...}, fedcm:accounts: true, goog:chromeOptions: {debuggerAddress: localhost:58929}, networkConnectionEnabled: false, pageLoadStrategy: normal, platformName: windows, proxy: Proxy(), se:cdp: ws://localhost:58929/devtoo..., se:cdpVersion: 131.0.6778.205, setWindowRect: true, strictFileInteractability: false, timeouts: {implicit: 0, pageLoad: 300000, script: 30000}, unhandledPromptBehavior: dismiss and notify, webauthn:extension:credBlob: true, webauthn:extension:largeBlob: true, webauthn:extension:minPinLength: true, webauthn:extension:prf: true, webauthn:virtualAuthenticators: true}
Session ID: c31ff697a3ef2cbb9f2c5da3fa5b275f&#13;
	at java.base/jdk.internal.reflect.DirectConstructorHandleAccessor.newInstance(DirectConstructorHandleAccessor.java:62)&#13;
	at java.base/java.lang.reflect.Constructor.newInstanceWithCaller(Constructor.java:502)&#13;
	at java.base/java.lang.reflect.Constructor.newInstance(Constructor.java:486)&#13;
	at org.openqa.selenium.remote.ErrorCodec.decode(ErrorCodec.java:167)&#13;
	at org.openqa.selenium.remote.codec.w3c.W3CHttpResponseCodec.decode(W3CHttpResponseCodec.java:138)&#13;
	at org.openqa.selenium.remote.codec.w3c.W3CHttpResponseCodec.decode(W3CHttpResponseCodec.java:50)&#13;
	at org.openqa.selenium.remote.HttpCommandExecutor.execute(HttpCommandExecutor.java:190)&#13;
	at org.openqa.selenium.remote.service.DriverCommandExecutor.invokeExecute(DriverCommandExecutor.java:216)&#13;
	at org.openqa.selenium.remote.service.DriverCommandExecutor.execute(DriverCommandExecutor.java:174)&#13;
	at org.openqa.selenium.remote.RemoteWebDriver.execute(RemoteWebDriver.java:545)&#13;
	at org.openqa.selenium.remote.ElementLocation$ElementFinder$2.findElement(ElementLocation.java:165)&#13;
	at org.openqa.selenium.remote.ElementLocation.findElement(ElementLocation.java:59)&#13;
	at org.openqa.selenium.remote.RemoteWebDriver.findElement(RemoteWebDriver.java:368)&#13;
	at org.openqa.selenium.remote.RemoteWebDriver.findElement(RemoteWebDriver.java:362)&#13;
	at LeapifyTalkUITesting.testSearchIconAlignment(LeapifyTalkUITesting.java:48)&#13;
	at java.base/jdk.internal.reflect.DirectMethodHandleAccessor.invoke(DirectMethodHandleAccessor.java:103)&#13;
	at java.base/java.lang.reflect.Method.invoke(Method.java:580)&#13;
	at org.testng.internal.invokers.MethodInvocationHelper.invokeMethod(MethodInvocationHelper.java:141)&#13;
	at org.testng.internal.invokers.TestInvoker.invokeMethod(TestInvoker.java:686)&#13;
	at org.testng.internal.invokers.TestInvoker.invokeTestMethod(TestInvoker.java:230)&#13;
	at org.testng.internal.invokers.MethodRunner.runInSequence(MethodRunner.java:63)&#13;
	at org.testng.internal.invokers.TestInvoker$MethodInvocationAgent.invoke(TestInvoker.java:992)&#13;
	at org.testng.internal.invokers.TestInvoker.invokeTestMethods(TestInvoker.java:203)&#13;
	at org.testng.internal.invokers.TestMethodWorker.invokeTestMethods(TestMethodWorker.java:154)&#13;
	at org.testng.internal.invokers.TestMethodWorker.run(TestMethodWorker.java:134)&#13;
	at java.base/java.util.ArrayList.forEach(ArrayList.java:1597)&#13;
	at org.testng.TestRunner.privateRun(TestRunner.java:739)&#13;
	at org.testng.TestRunner.run(TestRunner.java:614)&#13;
	at org.testng.SuiteRunner.runTest(SuiteRunner.java:421)&#13;
	at org.testng.SuiteRunner.runSequentially(SuiteRunner.java:413)&#13;
	at org.testng.SuiteRunner.privateRun(SuiteRunner.java:373)&#13;
	at org.testng.SuiteRunner.run(SuiteRunner.java:312)&#13;
	at org.testng.SuiteRunnerWorker.runSuite(SuiteRunnerWorker.java:52)&#13;
	at org.testng.SuiteRunnerWorker.run(SuiteRunnerWorker.java:95)&#13;
	at org.testng.TestNG.runSuitesSequentially(TestNG.java:1274)&#13;
	at org.testng.TestNG.runSuitesLocally(TestNG.java:1208)&#13;
	at org.testng.TestNG.runSuites(TestNG.java:1112)&#13;
	at org.testng.TestNG.run(TestNG.java:1079)&#13;
	at com.intellij.rt.testng.IDEARemoteTestNG.run(IDEARemoteTestNG.java:65)&#13;
	at com.intellij.rt.testng.RemoteTestNGStarter.main(RemoteTestNGStarter.java:105)&#13;
</output>
            </test>
            <test duration="10019" locationUrl="java:test://LeapifyTalkUITesting/testFooterColor" name="LeapifyTalkUITesting.testFooterColor" status="error">
                <output type="stderr">org.openqa.selenium.NoSuchElementException: no such element: Unable to locate element: {"method":"tag name","selector":"footer"}
  (Session info: chrome=131.0.6778.205)
For documentation on this error, please visit: https://www.selenium.dev/documentation/webdriver/troubleshooting/errors#no-such-element-exception
Build info: version: '4.27.0', revision: 'd6e718d134'
System info: os.name: 'Windows 11', os.arch: 'amd64', os.version: '10.0', java.version: '22.0.1'
Driver info: org.openqa.selenium.chrome.ChromeDriver
Command: [c31ff697a3ef2cbb9f2c5da3fa5b275f, findElement {value=footer, using=tag name}]
Capabilities {acceptInsecureCerts: false, browserName: chrome, browserVersion: 131.0.6778.205, chrome: {chromedriverVersion: 131.0.6778.204 (52183f9e99a..., userDataDir: C:\Users\saiki\AppData\Loca...}, fedcm:accounts: true, goog:chromeOptions: {debuggerAddress: localhost:58929}, networkConnectionEnabled: false, pageLoadStrategy: normal, platformName: windows, proxy: Proxy(), se:cdp: ws://localhost:58929/devtoo..., se:cdpVersion: 131.0.6778.205, setWindowRect: true, strictFileInteractability: false, timeouts: {implicit: 0, pageLoad: 300000, script: 30000}, unhandledPromptBehavior: dismiss and notify, webauthn:extension:credBlob: true, webauthn:extension:largeBlob: true, webauthn:extension:minPinLength: true, webauthn:extension:prf: true, webauthn:virtualAuthenticators: true}
Session ID: c31ff697a3ef2cbb9f2c5da3fa5b275f&#13;
	at java.base/jdk.internal.reflect.DirectConstructorHandleAccessor.newInstance(DirectConstructorHandleAccessor.java:62)&#13;
	at java.base/java.lang.reflect.Constructor.newInstanceWithCaller(Constructor.java:502)&#13;
	at java.base/java.lang.reflect.Constructor.newInstance(Constructor.java:486)&#13;
	at org.openqa.selenium.remote.ErrorCodec.decode(ErrorCodec.java:167)&#13;
	at org.openqa.selenium.remote.codec.w3c.W3CHttpResponseCodec.decode(W3CHttpResponseCodec.java:138)&#13;
	at org.openqa.selenium.remote.codec.w3c.W3CHttpResponseCodec.decode(W3CHttpResponseCodec.java:50)&#13;
	at org.openqa.selenium.remote.HttpCommandExecutor.execute(HttpCommandExecutor.java:190)&#13;
	at org.openqa.selenium.remote.service.DriverCommandExecutor.invokeExecute(DriverCommandExecutor.java:216)&#13;
	at org.openqa.selenium.remote.service.DriverCommandExecutor.execute(DriverCommandExecutor.java:174)&#13;
	at org.openqa.selenium.remote.RemoteWebDriver.execute(RemoteWebDriver.java:545)&#13;
	at org.openqa.selenium.remote.ElementLocation$ElementFinder$2.findElement(ElementLocation.java:165)&#13;
	at org.openqa.selenium.remote.ElementLocation.findElement(ElementLocation.java:59)&#13;
	at org.openqa.selenium.remote.RemoteWebDriver.findElement(RemoteWebDriver.java:368)&#13;
	at org.openqa.selenium.remote.RemoteWebDriver.findElement(RemoteWebDriver.java:362)&#13;
	at LeapifyTalkUITesting.testFooterColor(LeapifyTalkUITesting.java:57)&#13;
	at java.base/jdk.internal.reflect.DirectMethodHandleAccessor.invoke(DirectMethodHandleAccessor.java:103)&#13;
	at java.base/java.lang.reflect.Method.invoke(Method.java:580)&#13;
	at org.testng.internal.invokers.MethodInvocationHelper.invokeMethod(MethodInvocationHelper.java:141)&#13;
	at org.testng.internal.invokers.TestInvoker.invokeMethod(TestInvoker.java:686)&#13;
	at org.testng.internal.invokers.TestInvoker.invokeTestMethod(TestInvoker.java:230)&#13;
	at org.testng.internal.invokers.MethodRunner.runInSequence(MethodRunner.java:63)&#13;
	at org.testng.internal.invokers.TestInvoker$MethodInvocationAgent.invoke(TestInvoker.java:992)&#13;
	at org.testng.internal.invokers.TestInvoker.invokeTestMethods(TestInvoker.java:203)&#13;
	at org.testng.internal.invokers.TestMethodWorker.invokeTestMethods(TestMethodWorker.java:154)&#13;
	at org.testng.internal.invokers.TestMethodWorker.run(TestMethodWorker.java:134)&#13;
	at java.base/java.util.ArrayList.forEach(ArrayList.java:1597)&#13;
	at org.testng.TestRunner.privateRun(TestRunner.java:739)&#13;
	at org.testng.TestRunner.run(TestRunner.java:614)&#13;
	at org.testng.SuiteRunner.runTest(SuiteRunner.java:421)&#13;
	at org.testng.SuiteRunner.runSequentially(SuiteRunner.java:413)&#13;
	at org.testng.SuiteRunner.privateRun(SuiteRunner.java:373)&#13;
	at org.testng.SuiteRunner.run(SuiteRunner.java:312)&#13;
	at org.testng.SuiteRunnerWorker.runSuite(SuiteRunnerWorker.java:52)&#13;
	at org.testng.SuiteRunnerWorker.run(SuiteRunnerWorker.java:95)&#13;
	at org.testng.TestNG.runSuitesSequentially(TestNG.java:1274)&#13;
	at org.testng.TestNG.runSuitesLocally(TestNG.java:1208)&#13;
	at org.testng.TestNG.runSuites(TestNG.java:1112)&#13;
	at org.testng.TestNG.run(TestNG.java:1079)&#13;
	at com.intellij.rt.testng.IDEARemoteTestNG.run(IDEARemoteTestNG.java:65)&#13;
	at com.intellij.rt.testng.RemoteTestNGStarter.main(RemoteTestNGStarter.java:105)&#13;
</output>
            </test>
            <test duration="10631" locationUrl="java:test://LeapifyTalkUITesting/testFormValidationInContactUs" name="LeapifyTalkUITesting.testFormValidationInContactUs" status="error">
                <output type="stderr">org.openqa.selenium.NoSuchElementException: no such element: Unable to locate element: {"method":"xpath","selector":"//button[@type='submit']"}
  (Session info: chrome=131.0.6778.205)
For documentation on this error, please visit: https://www.selenium.dev/documentation/webdriver/troubleshooting/errors#no-such-element-exception
Build info: version: '4.27.0', revision: 'd6e718d134'
System info: os.name: 'Windows 11', os.arch: 'amd64', os.version: '10.0', java.version: '22.0.1'
Driver info: org.openqa.selenium.chrome.ChromeDriver
Command: [c31ff697a3ef2cbb9f2c5da3fa5b275f, findElement {value=//button[@type='submit'], using=xpath}]
Capabilities {acceptInsecureCerts: false, browserName: chrome, browserVersion: 131.0.6778.205, chrome: {chromedriverVersion: 131.0.6778.204 (52183f9e99a..., userDataDir: C:\Users\saiki\AppData\Loca...}, fedcm:accounts: true, goog:chromeOptions: {debuggerAddress: localhost:58929}, networkConnectionEnabled: false, pageLoadStrategy: normal, platformName: windows, proxy: Proxy(), se:cdp: ws://localhost:58929/devtoo..., se:cdpVersion: 131.0.6778.205, setWindowRect: true, strictFileInteractability: false, timeouts: {implicit: 0, pageLoad: 300000, script: 30000}, unhandledPromptBehavior: dismiss and notify, webauthn:extension:credBlob: true, webauthn:extension:largeBlob: true, webauthn:extension:minPinLength: true, webauthn:extension:prf: true, webauthn:virtualAuthenticators: true}
Session ID: c31ff697a3ef2cbb9f2c5da3fa5b275f&#13;
	at java.base/jdk.internal.reflect.DirectConstructorHandleAccessor.newInstance(DirectConstructorHandleAccessor.java:62)&#13;
	at java.base/java.lang.reflect.Constructor.newInstanceWithCaller(Constructor.java:502)&#13;
	at java.base/java.lang.reflect.Constructor.newInstance(Constructor.java:486)&#13;
	at org.openqa.selenium.remote.ErrorCodec.decode(ErrorCodec.java:167)&#13;
	at org.openqa.selenium.remote.codec.w3c.W3CHttpResponseCodec.decode(W3CHttpResponseCodec.java:138)&#13;
	at org.openqa.selenium.remote.codec.w3c.W3CHttpResponseCodec.decode(W3CHttpResponseCodec.java:50)&#13;
	at org.openqa.selenium.remote.HttpCommandExecutor.execute(HttpCommandExecutor.java:190)&#13;
	at org.openqa.selenium.remote.service.DriverCommandExecutor.invokeExecute(DriverCommandExecutor.java:216)&#13;
	at org.openqa.selenium.remote.service.DriverCommandExecutor.execute(DriverCommandExecutor.java:174)&#13;
	at org.openqa.selenium.remote.RemoteWebDriver.execute(RemoteWebDriver.java:545)&#13;
	at org.openqa.selenium.remote.ElementLocation$ElementFinder$2.findElement(ElementLocation.java:165)&#13;
	at org.openqa.selenium.remote.ElementLocation.findElement(ElementLocation.java:59)&#13;
	at org.openqa.selenium.remote.RemoteWebDriver.findElement(RemoteWebDriver.java:368)&#13;
	at org.openqa.selenium.remote.RemoteWebDriver.findElement(RemoteWebDriver.java:362)&#13;
	at LeapifyTalkUITesting.testFormValidationInContactUs(LeapifyTalkUITesting.java:65)&#13;
	at java.base/jdk.internal.reflect.DirectMethodHandleAccessor.invoke(DirectMethodHandleAccessor.java:103)&#13;
	at java.base/java.lang.reflect.Method.invoke(Method.java:580)&#13;
	at org.testng.internal.invokers.MethodInvocationHelper.invokeMethod(MethodInvocationHelper.java:141)&#13;
	at org.testng.internal.invokers.TestInvoker.invokeMethod(TestInvoker.java:686)&#13;
	at org.testng.internal.invokers.TestInvoker.invokeTestMethod(TestInvoker.java:230)&#13;
	at org.testng.internal.invokers.MethodRunner.runInSequence(MethodRunner.java:63)&#13;
	at org.testng.internal.invokers.TestInvoker$MethodInvocationAgent.invoke(TestInvoker.java:992)&#13;
	at org.testng.internal.invokers.TestInvoker.invokeTestMethods(TestInvoker.java:203)&#13;
	at org.testng.internal.invokers.TestMethodWorker.invokeTestMethods(TestMethodWorker.java:154)&#13;
	at org.testng.internal.invokers.TestMethodWorker.run(TestMethodWorker.java:134)&#13;
	at java.base/java.util.ArrayList.forEach(ArrayList.java:1597)&#13;
	at org.testng.TestRunner.privateRun(TestRunner.java:739)&#13;
	at org.testng.TestRunner.run(TestRunner.java:614)&#13;
	at org.testng.SuiteRunner.runTest(SuiteRunner.java:421)&#13;
	at org.testng.SuiteRunner.runSequentially(SuiteRunner.java:413)&#13;
	at org.testng.SuiteRunner.privateRun(SuiteRunner.java:373)&#13;
	at org.testng.SuiteRunner.run(SuiteRunner.java:312)&#13;
	at org.testng.SuiteRunnerWorker.runSuite(SuiteRunnerWorker.java:52)&#13;
	at org.testng.SuiteRunnerWorker.run(SuiteRunnerWorker.java:95)&#13;
	at org.testng.TestNG.runSuitesSequentially(TestNG.java:1274)&#13;
	at org.testng.TestNG.runSuitesLocally(TestNG.java:1208)&#13;
	at org.testng.TestNG.runSuites(TestNG.java:1112)&#13;
	at org.testng.TestNG.run(TestNG.java:1079)&#13;
	at com.intellij.rt.testng.IDEARemoteTestNG.run(IDEARemoteTestNG.java:65)&#13;
	at com.intellij.rt.testng.RemoteTestNGStarter.main(RemoteTestNGStarter.java:105)&#13;
</output>
            </test>
            <test duration="10071" locationUrl="java:test://LeapifyTalkUITesting/testHoverEffectOnNavLinks" name="LeapifyTalkUITesting.testHoverEffectOnNavLinks" status="error">
                <output type="stderr">org.openqa.selenium.NoSuchElementException: no such element: Unable to locate element: {"method":"xpath","selector":"//a[text()='Home']"}
  (Session info: chrome=131.0.6778.205)
For documentation on this error, please visit: https://www.selenium.dev/documentation/webdriver/troubleshooting/errors#no-such-element-exception
Build info: version: '4.27.0', revision: 'd6e718d134'
System info: os.name: 'Windows 11', os.arch: 'amd64', os.version: '10.0', java.version: '22.0.1'
Driver info: org.openqa.selenium.chrome.ChromeDriver
Command: [c31ff697a3ef2cbb9f2c5da3fa5b275f, findElement {value=//a[text()='Home'], using=xpath}]
Capabilities {acceptInsecureCerts: false, browserName: chrome, browserVersion: 131.0.6778.205, chrome: {chromedriverVersion: 131.0.6778.204 (52183f9e99a..., userDataDir: C:\Users\saiki\AppData\Loca...}, fedcm:accounts: true, goog:chromeOptions: {debuggerAddress: localhost:58929}, networkConnectionEnabled: false, pageLoadStrategy: normal, platformName: windows, proxy: Proxy(), se:cdp: ws://localhost:58929/devtoo..., se:cdpVersion: 131.0.6778.205, setWindowRect: true, strictFileInteractability: false, timeouts: {implicit: 0, pageLoad: 300000, script: 30000}, unhandledPromptBehavior: dismiss and notify, webauthn:extension:credBlob: true, webauthn:extension:largeBlob: true, webauthn:extension:minPinLength: true, webauthn:extension:prf: true, webauthn:virtualAuthenticators: true}
Session ID: c31ff697a3ef2cbb9f2c5da3fa5b275f&#13;
	at java.base/jdk.internal.reflect.DirectConstructorHandleAccessor.newInstance(DirectConstructorHandleAccessor.java:62)&#13;
	at java.base/java.lang.reflect.Constructor.newInstanceWithCaller(Constructor.java:502)&#13;
	at java.base/java.lang.reflect.Constructor.newInstance(Constructor.java:486)&#13;
	at org.openqa.selenium.remote.ErrorCodec.decode(ErrorCodec.java:167)&#13;
	at org.openqa.selenium.remote.codec.w3c.W3CHttpResponseCodec.decode(W3CHttpResponseCodec.java:138)&#13;
	at org.openqa.selenium.remote.codec.w3c.W3CHttpResponseCodec.decode(W3CHttpResponseCodec.java:50)&#13;
	at org.openqa.selenium.remote.HttpCommandExecutor.execute(HttpCommandExecutor.java:190)&#13;
	at org.openqa.selenium.remote.service.DriverCommandExecutor.invokeExecute(DriverCommandExecutor.java:216)&#13;
	at org.openqa.selenium.remote.service.DriverCommandExecutor.execute(DriverCommandExecutor.java:174)&#13;
	at org.openqa.selenium.remote.RemoteWebDriver.execute(RemoteWebDriver.java:545)&#13;
	at org.openqa.selenium.remote.ElementLocation$ElementFinder$2.findElement(ElementLocation.java:165)&#13;
	at org.openqa.selenium.remote.ElementLocation.findElement(ElementLocation.java:59)&#13;
	at org.openqa.selenium.remote.RemoteWebDriver.findElement(RemoteWebDriver.java:368)&#13;
	at org.openqa.selenium.remote.RemoteWebDriver.findElement(RemoteWebDriver.java:362)&#13;
	at LeapifyTalkUITesting.testHoverEffectOnNavLinks(LeapifyTalkUITesting.java:73)&#13;
	at java.base/jdk.internal.reflect.DirectMethodHandleAccessor.invoke(DirectMethodHandleAccessor.java:103)&#13;
	at java.base/java.lang.reflect.Method.invoke(Method.java:580)&#13;
	at org.testng.internal.invokers.MethodInvocationHelper.invokeMethod(MethodInvocationHelper.java:141)&#13;
	at org.testng.internal.invokers.TestInvoker.invokeMethod(TestInvoker.java:686)&#13;
	at org.testng.internal.invokers.TestInvoker.invokeTestMethod(TestInvoker.java:230)&#13;
	at org.testng.internal.invokers.MethodRunner.runInSequence(MethodRunner.java:63)&#13;
	at org.testng.internal.invokers.TestInvoker$MethodInvocationAgent.invoke(TestInvoker.java:992)&#13;
	at org.testng.internal.invokers.TestInvoker.invokeTestMethods(TestInvoker.java:203)&#13;
	at org.testng.internal.invokers.TestMethodWorker.invokeTestMethods(TestMethodWorker.java:154)&#13;
	at org.testng.internal.invokers.TestMethodWorker.run(TestMethodWorker.java:134)&#13;
	at java.base/java.util.ArrayList.forEach(ArrayList.java:1597)&#13;
	at org.testng.TestRunner.privateRun(TestRunner.java:739)&#13;
	at org.testng.TestRunner.run(TestRunner.java:614)&#13;
	at org.testng.SuiteRunner.runTest(SuiteRunner.java:421)&#13;
	at org.testng.SuiteRunner.runSequentially(SuiteRunner.java:413)&#13;
	at org.testng.SuiteRunner.privateRun(SuiteRunner.java:373)&#13;
	at org.testng.SuiteRunner.run(SuiteRunner.java:312)&#13;
	at org.testng.SuiteRunnerWorker.runSuite(SuiteRunnerWorker.java:52)&#13;
	at org.testng.SuiteRunnerWorker.run(SuiteRunnerWorker.java:95)&#13;
	at org.testng.TestNG.runSuitesSequentially(TestNG.java:1274)&#13;
	at org.testng.TestNG.runSuitesLocally(TestNG.java:1208)&#13;
	at org.testng.TestNG.runSuites(TestNG.java:1112)&#13;
	at org.testng.TestNG.run(TestNG.java:1079)&#13;
	at com.intellij.rt.testng.IDEARemoteTestNG.run(IDEARemoteTestNG.java:65)&#13;
	at com.intellij.rt.testng.RemoteTestNGStarter.main(RemoteTestNGStarter.java:105)&#13;
</output>
            </test>
            <test duration="13265" locationUrl="java:test://LeapifyTalkUITesting/testResponsiveFooterLayout" name="LeapifyTalkUITesting.testResponsiveFooterLayout" status="error">
                <output type="stderr">org.openqa.selenium.remote.UnreachableBrowserException: Error communicating with the remote browser. It may have died.
Build info: version: '4.27.0', revision: 'd6e718d134'
System info: os.name: 'Windows 11', os.arch: 'amd64', os.version: '10.0', java.version: '22.0.1'
Driver info: org.openqa.selenium.chrome.ChromeDriver
Command: [c31ff697a3ef2cbb9f2c5da3fa5b275f, findElement [value, using]]
Capabilities {acceptInsecureCerts: false, browserName: chrome, browserVersion: 131.0.6778.205, chrome: {chromedriverVersion: 131.0.6778.204 (52183f9e99a..., userDataDir: C:\Users\saiki\AppData\Loca...}, fedcm:accounts: true, goog:chromeOptions: {debuggerAddress: localhost:58929}, networkConnectionEnabled: false, pageLoadStrategy: normal, platformName: windows, proxy: Proxy(), se:cdp: ws://localhost:58929/devtoo..., se:cdpVersion: 131.0.6778.205, setWindowRect: true, strictFileInteractability: false, timeouts: {implicit: 0, pageLoad: 300000, script: 30000}, unhandledPromptBehavior: dismiss and notify, webauthn:extension:credBlob: true, webauthn:extension:largeBlob: true, webauthn:extension:minPinLength: true, webauthn:extension:prf: true, webauthn:virtualAuthenticators: true}
Session ID: c31ff697a3ef2cbb9f2c5da3fa5b275f&#13;
	at org.openqa.selenium.remote.RemoteWebDriver.execute(RemoteWebDriver.java:572)&#13;
	at org.openqa.selenium.remote.ElementLocation$ElementFinder$2.findElement(ElementLocation.java:165)&#13;
	at org.openqa.selenium.remote.ElementLocation.findElement(ElementLocation.java:59)&#13;
	at org.openqa.selenium.remote.RemoteWebDriver.findElement(RemoteWebDriver.java:368)&#13;
	at org.openqa.selenium.remote.RemoteWebDriver.findElement(RemoteWebDriver.java:362)&#13;
	at LeapifyTalkUITesting.testResponsiveFooterLayout(LeapifyTalkUITesting.java:84)&#13;
	at java.base/jdk.internal.reflect.DirectMethodHandleAccessor.invoke(DirectMethodHandleAccessor.java:103)&#13;
	at java.base/java.lang.reflect.Method.invoke(Method.java:580)&#13;
	at org.testng.internal.invokers.MethodInvocationHelper.invokeMethod(MethodInvocationHelper.java:141)&#13;
	at org.testng.internal.invokers.TestInvoker.invokeMethod(TestInvoker.java:686)&#13;
	at org.testng.internal.invokers.TestInvoker.invokeTestMethod(TestInvoker.java:230)&#13;
	at org.testng.internal.invokers.MethodRunner.runInSequence(MethodRunner.java:63)&#13;
	at org.testng.internal.invokers.TestInvoker$MethodInvocationAgent.invoke(TestInvoker.java:992)&#13;
	at org.testng.internal.invokers.TestInvoker.invokeTestMethods(TestInvoker.java:203)&#13;
	at org.testng.internal.invokers.TestMethodWorker.invokeTestMethods(TestMethodWorker.java:154)&#13;
	at org.testng.internal.invokers.TestMethodWorker.run(TestMethodWorker.java:134)&#13;
	at java.base/java.util.ArrayList.forEach(ArrayList.java:1597)&#13;
	at org.testng.TestRunner.privateRun(TestRunner.java:739)&#13;
	at org.testng.TestRunner.run(TestRunner.java:614)&#13;
	at org.testng.SuiteRunner.runTest(SuiteRunner.java:421)&#13;
	at org.testng.SuiteRunner.runSequentially(SuiteRunner.java:413)&#13;
	at org.testng.SuiteRunner.privateRun(SuiteRunner.java:373)&#13;
	at org.testng.SuiteRunner.run(SuiteRunner.java:312)&#13;
	at org.testng.SuiteRunnerWorker.runSuite(SuiteRunnerWorker.java:52)&#13;
	at org.testng.SuiteRunnerWorker.run(SuiteRunnerWorker.java:95)&#13;
	at org.testng.TestNG.runSuitesSequentially(TestNG.java:1274)&#13;
	at org.testng.TestNG.runSuitesLocally(TestNG.java:1208)&#13;
	at org.testng.TestNG.runSuites(TestNG.java:1112)&#13;
	at org.testng.TestNG.run(TestNG.java:1079)&#13;
	at com.intellij.rt.testng.IDEARemoteTestNG.run(IDEARemoteTestNG.java:65)&#13;
	at com.intellij.rt.testng.RemoteTestNGStarter.main(RemoteTestNGStarter.java:105)&#13;
Caused by: java.io.UncheckedIOException: java.io.IOException: HTTP/1.1 header parser received no bytes&#13;
	at org.openqa.selenium.remote.http.jdk.JdkHttpClient.execute0(JdkHttpClient.java:496)&#13;
	at org.openqa.selenium.remote.http.AddSeleniumUserAgent.lambda$apply$0(AddSeleniumUserAgent.java:42)&#13;
	at org.openqa.selenium.remote.http.Filter.lambda$andFinally$1(Filter.java:55)&#13;
	at org.openqa.selenium.remote.http.jdk.JdkHttpClient.lambda$executeAsync$1(JdkHttpClient.java:383)&#13;
	at java.base/java.util.concurrent.Executors$RunnableAdapter.call(Executors.java:572)&#13;
	at java.base/java.util.concurrent.FutureTask.run(FutureTask.java:317)&#13;
	at java.base/java.util.concurrent.ThreadPoolExecutor.runWorker(ThreadPoolExecutor.java:1144)&#13;
	at java.base/java.util.concurrent.ThreadPoolExecutor$Worker.run(ThreadPoolExecutor.java:642)&#13;
	at java.base/java.lang.Thread.run(Thread.java:1570)&#13;
Caused by: java.io.IOException: HTTP/1.1 header parser received no bytes&#13;
	at java.net.http/jdk.internal.net.http.HttpClientImpl.send(HttpClientImpl.java:969)&#13;
	at java.net.http/jdk.internal.net.http.HttpClientFacade.send(HttpClientFacade.java:133)&#13;
	at org.openqa.selenium.remote.http.jdk.JdkHttpClient.execute0(JdkHttpClient.java:455)&#13;
	... 8 more&#13;
Caused by: java.io.IOException: HTTP/1.1 header parser received no bytes&#13;
	at java.net.http/jdk.internal.net.http.common.Utils.wrapWithExtraDetail(Utils.java:440)&#13;
	at java.net.http/jdk.internal.net.http.Http1Response$HeadersReader.onReadError(Http1Response.java:590)&#13;
	at java.net.http/jdk.internal.net.http.Http1AsyncReceiver.checkForErrors(Http1AsyncReceiver.java:302)&#13;
	at java.net.http/jdk.internal.net.http.Http1AsyncReceiver.flush(Http1AsyncReceiver.java:268)&#13;
	at java.net.http/jdk.internal.net.http.common.SequentialScheduler$LockingRestartableTask.run(SequentialScheduler.java:182)&#13;
	at java.net.http/jdk.internal.net.http.common.SequentialScheduler$CompleteRestartableTask.run(SequentialScheduler.java:149)&#13;
	at java.net.http/jdk.internal.net.http.common.SequentialScheduler$SchedulableTask.run(SequentialScheduler.java:207)&#13;
	... 3 more&#13;
Caused by: java.net.SocketException: Connection reset&#13;
	at java.base/sun.nio.ch.SocketChannelImpl.throwConnectionReset(SocketChannelImpl.java:403)&#13;
	at java.base/sun.nio.ch.SocketChannelImpl.implRead(SocketChannelImpl.java:435)&#13;
	at java.base/sun.nio.ch.SocketChannelImpl.read(SocketChannelImpl.java:493)&#13;
	at java.net.http/jdk.internal.net.http.SocketTube.readAvailable(SocketTube.java:1178)&#13;
	at java.net.http/jdk.internal.net.http.SocketTube$InternalReadPublisher$InternalReadSubscription.read(SocketTube.java:841)&#13;
	at java.net.http/jdk.internal.net.http.SocketTube$SocketFlowTask.run(SocketTube.java:181)&#13;
	at java.net.http/jdk.internal.net.http.common.SequentialScheduler$SchedulableTask.run(SequentialScheduler.java:207)&#13;
	at java.net.http/jdk.internal.net.http.common.SequentialScheduler.runOrSchedule(SequentialScheduler.java:280)&#13;
	at java.net.http/jdk.internal.net.http.common.SequentialScheduler.runOrSchedule(SequentialScheduler.java:233)&#13;
	at java.net.http/jdk.internal.net.http.SocketTube$InternalReadPublisher$InternalReadSubscription.signalReadable(SocketTube.java:782)&#13;
	at java.net.http/jdk.internal.net.http.SocketTube$InternalReadPublisher$ReadEvent.signalEvent(SocketTube.java:965)&#13;
	at java.net.http/jdk.internal.net.http.SocketTube$SocketFlowEvent.handle(SocketTube.java:253)&#13;
	at java.net.http/jdk.internal.net.http.HttpClientImpl$SelectorManager.handleEvent(HttpClientImpl.java:1476)&#13;
	at java.net.http/jdk.internal.net.http.HttpClientImpl$SelectorManager.lambda$run$3(HttpClientImpl.java:1421)&#13;
	at java.base/java.util.ArrayList.forEach(ArrayList.java:1597)&#13;
	at java.net.http/jdk.internal.net.http.HttpClientImpl$SelectorManager.run(HttpClientImpl.java:1421)&#13;
</output>
            </test>
            <test duration="8" locationUrl="java:test://LeapifyTalkUITesting/testLowContrastOnSubscribeButton" name="LeapifyTalkUITesting.testLowContrastOnSubscribeButton" status="error">
                <output type="stderr">org.openqa.selenium.remote.UnreachableBrowserException: Error communicating with the remote browser. It may have died.
Build info: version: '4.27.0', revision: 'd6e718d134'
System info: os.name: 'Windows 11', os.arch: 'amd64', os.version: '10.0', java.version: '22.0.1'
Driver info: org.openqa.selenium.chrome.ChromeDriver
Command: [c31ff697a3ef2cbb9f2c5da3fa5b275f, findElement [value, using]]
Capabilities {acceptInsecureCerts: false, browserName: chrome, browserVersion: 131.0.6778.205, chrome: {chromedriverVersion: 131.0.6778.204 (52183f9e99a..., userDataDir: C:\Users\saiki\AppData\Loca...}, fedcm:accounts: true, goog:chromeOptions: {debuggerAddress: localhost:58929}, networkConnectionEnabled: false, pageLoadStrategy: normal, platformName: windows, proxy: Proxy(), se:cdp: ws://localhost:58929/devtoo..., se:cdpVersion: 131.0.6778.205, setWindowRect: true, strictFileInteractability: false, timeouts: {implicit: 0, pageLoad: 300000, script: 30000}, unhandledPromptBehavior: dismiss and notify, webauthn:extension:credBlob: true, webauthn:extension:largeBlob: true, webauthn:extension:minPinLength: true, webauthn:extension:prf: true, webauthn:virtualAuthenticators: true}
Session ID: c31ff697a3ef2cbb9f2c5da3fa5b275f&#13;
	at org.openqa.selenium.remote.RemoteWebDriver.execute(RemoteWebDriver.java:572)&#13;
	at org.openqa.selenium.remote.ElementLocation$ElementFinder$2.findElement(ElementLocation.java:165)&#13;
	at org.openqa.selenium.remote.ElementLocation.findElement(ElementLocation.java:59)&#13;
	at org.openqa.selenium.remote.RemoteWebDriver.findElement(RemoteWebDriver.java:368)&#13;
	at org.openqa.selenium.remote.RemoteWebDriver.findElement(RemoteWebDriver.java:362)&#13;
	at LeapifyTalkUITesting.testLowContrastOnSubscribeButton(LeapifyTalkUITesting.java:91)&#13;
	at java.base/jdk.internal.reflect.DirectMethodHandleAccessor.invoke(DirectMethodHandleAccessor.java:103)&#13;
	at java.base/java.lang.reflect.Method.invoke(Method.java:580)&#13;
	at org.testng.internal.invokers.MethodInvocationHelper.invokeMethod(MethodInvocationHelper.java:141)&#13;
	at org.testng.internal.invokers.TestInvoker.invokeMethod(TestInvoker.java:686)&#13;
	at org.testng.internal.invokers.TestInvoker.invokeTestMethod(TestInvoker.java:230)&#13;
	at org.testng.internal.invokers.MethodRunner.runInSequence(MethodRunner.java:63)&#13;
	at org.testng.internal.invokers.TestInvoker$MethodInvocationAgent.invoke(TestInvoker.java:992)&#13;
	at org.testng.internal.invokers.TestInvoker.invokeTestMethods(TestInvoker.java:203)&#13;
	at org.testng.internal.invokers.TestMethodWorker.invokeTestMethods(TestMethodWorker.java:154)&#13;
	at org.testng.internal.invokers.TestMethodWorker.run(TestMethodWorker.java:134)&#13;
	at java.base/java.util.ArrayList.forEach(ArrayList.java:1597)&#13;
	at org.testng.TestRunner.privateRun(TestRunner.java:739)&#13;
	at org.testng.TestRunner.run(TestRunner.java:614)&#13;
	at org.testng.SuiteRunner.runTest(SuiteRunner.java:421)&#13;
	at org.testng.SuiteRunner.runSequentially(SuiteRunner.java:413)&#13;
	at org.testng.SuiteRunner.privateRun(SuiteRunner.java:373)&#13;
	at org.testng.SuiteRunner.run(SuiteRunner.java:312)&#13;
	at org.testng.SuiteRunnerWorker.runSuite(SuiteRunnerWorker.java:52)&#13;
	at org.testng.SuiteRunnerWorker.run(SuiteRunnerWorker.java:95)&#13;
	at org.testng.TestNG.runSuitesSequentially(TestNG.java:1274)&#13;
	at org.testng.TestNG.runSuitesLocally(TestNG.java:1208)&#13;
	at org.testng.TestNG.runSuites(TestNG.java:1112)&#13;
	at org.testng.TestNG.run(TestNG.java:1079)&#13;
	at com.intellij.rt.testng.IDEARemoteTestNG.run(IDEARemoteTestNG.java:65)&#13;
	at com.intellij.rt.testng.RemoteTestNGStarter.main(RemoteTestNGStarter.java:105)&#13;
Caused by: java.io.UncheckedIOException: java.net.ConnectException&#13;
	at org.openqa.selenium.remote.http.jdk.JdkHttpClient.execute0(JdkHttpClient.java:496)&#13;
	at org.openqa.selenium.remote.http.AddSeleniumUserAgent.lambda$apply$0(AddSeleniumUserAgent.java:42)&#13;
	at org.openqa.selenium.remote.http.Filter.lambda$andFinally$1(Filter.java:55)&#13;
	at org.openqa.selenium.remote.http.jdk.JdkHttpClient.lambda$executeAsync$1(JdkHttpClient.java:383)&#13;
	at java.base/java.util.concurrent.Executors$RunnableAdapter.call(Executors.java:572)&#13;
	at java.base/java.util.concurrent.FutureTask.run(FutureTask.java:317)&#13;
	at java.base/java.util.concurrent.ThreadPoolExecutor.runWorker(ThreadPoolExecutor.java:1144)&#13;
	at java.base/java.util.concurrent.ThreadPoolExecutor$Worker.run(ThreadPoolExecutor.java:642)&#13;
	at java.base/java.lang.Thread.run(Thread.java:1570)&#13;
Caused by: java.net.ConnectException&#13;
	at java.net.http/jdk.internal.net.http.HttpClientImpl.send(HttpClientImpl.java:956)&#13;
	at java.net.http/jdk.internal.net.http.HttpClientFacade.send(HttpClientFacade.java:133)&#13;
	at org.openqa.selenium.remote.http.jdk.JdkHttpClient.execute0(JdkHttpClient.java:455)&#13;
	... 8 more&#13;
Caused by: java.net.ConnectException&#13;
	at java.net.http/jdk.internal.net.http.common.Utils.toConnectException(Utils.java:1065)&#13;
	at java.net.http/jdk.internal.net.http.PlainHttpConnection.connectAsync(PlainHttpConnection.java:227)&#13;
	at java.net.http/jdk.internal.net.http.PlainHttpConnection.checkRetryConnect(PlainHttpConnection.java:280)&#13;
	at java.net.http/jdk.internal.net.http.PlainHttpConnection.lambda$connectAsync$2(PlainHttpConnection.java:238)&#13;
	at java.base/java.util.concurrent.CompletableFuture.uniHandle(CompletableFuture.java:934)&#13;
	at java.base/java.util.concurrent.CompletableFuture$UniHandle.tryFire(CompletableFuture.java:911)&#13;
	at java.base/java.util.concurrent.CompletableFuture.postComplete(CompletableFuture.java:510)&#13;
	at java.base/java.util.concurrent.CompletableFuture$AsyncSupply.run(CompletableFuture.java:1773)&#13;
	... 3 more&#13;
Caused by: java.nio.channels.ClosedChannelException&#13;
	at java.base/sun.nio.ch.SocketChannelImpl.ensureOpen(SocketChannelImpl.java:204)&#13;
	at java.base/sun.nio.ch.SocketChannelImpl.beginConnect(SocketChannelImpl.java:873)&#13;
	at java.base/sun.nio.ch.SocketChannelImpl.connect(SocketChannelImpl.java:961)&#13;
	at java.net.http/jdk.internal.net.http.PlainHttpConnection.lambda$connectAsync$1(PlainHttpConnection.java:210)&#13;
	at java.base/java.security.AccessController.doPrivileged(AccessController.java:571)&#13;
	at java.net.http/jdk.internal.net.http.PlainHttpConnection.connectAsync(PlainHttpConnection.java:212)&#13;
	... 9 more&#13;
</output>
            </test>
            <test duration="5" locationUrl="java:test://LeapifyTalkUITesting/testFAQDropdownFunctionality" name="LeapifyTalkUITesting.testFAQDropdownFunctionality" status="error">
                <output type="stderr">org.openqa.selenium.remote.UnreachableBrowserException: Error communicating with the remote browser. It may have died.
Build info: version: '4.27.0', revision: 'd6e718d134'
System info: os.name: 'Windows 11', os.arch: 'amd64', os.version: '10.0', java.version: '22.0.1'
Driver info: org.openqa.selenium.chrome.ChromeDriver
Command: [c31ff697a3ef2cbb9f2c5da3fa5b275f, findElement [value, using]]
Capabilities {acceptInsecureCerts: false, browserName: chrome, browserVersion: 131.0.6778.205, chrome: {chromedriverVersion: 131.0.6778.204 (52183f9e99a..., userDataDir: C:\Users\saiki\AppData\Loca...}, fedcm:accounts: true, goog:chromeOptions: {debuggerAddress: localhost:58929}, networkConnectionEnabled: false, pageLoadStrategy: normal, platformName: windows, proxy: Proxy(), se:cdp: ws://localhost:58929/devtoo..., se:cdpVersion: 131.0.6778.205, setWindowRect: true, strictFileInteractability: false, timeouts: {implicit: 0, pageLoad: 300000, script: 30000}, unhandledPromptBehavior: dismiss and notify, webauthn:extension:credBlob: true, webauthn:extension:largeBlob: true, webauthn:extension:minPinLength: true, webauthn:extension:prf: true, webauthn:virtualAuthenticators: true}
Session ID: c31ff697a3ef2cbb9f2c5da3fa5b275f&#13;
	at org.openqa.selenium.remote.RemoteWebDriver.execute(RemoteWebDriver.java:572)&#13;
	at org.openqa.selenium.remote.ElementLocation$ElementFinder$2.findElement(ElementLocation.java:165)&#13;
	at org.openqa.selenium.remote.ElementLocation.findElement(ElementLocation.java:59)&#13;
	at org.openqa.selenium.remote.RemoteWebDriver.findElement(RemoteWebDriver.java:368)&#13;
	at org.openqa.selenium.remote.RemoteWebDriver.findElement(RemoteWebDriver.java:362)&#13;
	at LeapifyTalkUITesting.testFAQDropdownFunctionality(LeapifyTalkUITesting.java:100)&#13;
	at java.base/jdk.internal.reflect.DirectMethodHandleAccessor.invoke(DirectMethodHandleAccessor.java:103)&#13;
	at java.base/java.lang.reflect.Method.invoke(Method.java:580)&#13;
	at org.testng.internal.invokers.MethodInvocationHelper.invokeMethod(MethodInvocationHelper.java:141)&#13;
	at org.testng.internal.invokers.TestInvoker.invokeMethod(TestInvoker.java:686)&#13;
	at org.testng.internal.invokers.TestInvoker.invokeTestMethod(TestInvoker.java:230)&#13;
	at org.testng.internal.invokers.MethodRunner.runInSequence(MethodRunner.java:63)&#13;
	at org.testng.internal.invokers.TestInvoker$MethodInvocationAgent.invoke(TestInvoker.java:992)&#13;
	at org.testng.internal.invokers.TestInvoker.invokeTestMethods(TestInvoker.java:203)&#13;
	at org.testng.internal.invokers.TestMethodWorker.invokeTestMethods(TestMethodWorker.java:154)&#13;
	at org.testng.internal.invokers.TestMethodWorker.run(TestMethodWorker.java:134)&#13;
	at java.base/java.util.ArrayList.forEach(ArrayList.java:1597)&#13;
	at org.testng.TestRunner.privateRun(TestRunner.java:739)&#13;
	at org.testng.TestRunner.run(TestRunner.java:614)&#13;
	at org.testng.SuiteRunner.runTest(SuiteRunner.java:421)&#13;
	at org.testng.SuiteRunner.runSequentially(SuiteRunner.java:413)&#13;
	at org.testng.SuiteRunner.privateRun(SuiteRunner.java:373)&#13;
	at org.testng.SuiteRunner.run(SuiteRunner.java:312)&#13;
	at org.testng.SuiteRunnerWorker.runSuite(SuiteRunnerWorker.java:52)&#13;
	at org.testng.SuiteRunnerWorker.run(SuiteRunnerWorker.java:95)&#13;
	at org.testng.TestNG.runSuitesSequentially(TestNG.java:1274)&#13;
	at org.testng.TestNG.runSuitesLocally(TestNG.java:1208)&#13;
	at org.testng.TestNG.runSuites(TestNG.java:1112)&#13;
	at org.testng.TestNG.run(TestNG.java:1079)&#13;
	at com.intellij.rt.testng.IDEARemoteTestNG.run(IDEARemoteTestNG.java:65)&#13;
	at com.intellij.rt.testng.RemoteTestNGStarter.main(RemoteTestNGStarter.java:105)&#13;
Caused by: java.io.UncheckedIOException: java.net.ConnectException&#13;
	at org.openqa.selenium.remote.http.jdk.JdkHttpClient.execute0(JdkHttpClient.java:496)&#13;
	at org.openqa.selenium.remote.http.AddSeleniumUserAgent.lambda$apply$0(AddSeleniumUserAgent.java:42)&#13;
	at org.openqa.selenium.remote.http.Filter.lambda$andFinally$1(Filter.java:55)&#13;
	at org.openqa.selenium.remote.http.jdk.JdkHttpClient.lambda$executeAsync$1(JdkHttpClient.java:383)&#13;
	at java.base/java.util.concurrent.Executors$RunnableAdapter.call(Executors.java:572)&#13;
	at java.base/java.util.concurrent.FutureTask.run(FutureTask.java:317)&#13;
	at java.base/java.util.concurrent.ThreadPoolExecutor.runWorker(ThreadPoolExecutor.java:1144)&#13;
	at java.base/java.util.concurrent.ThreadPoolExecutor$Worker.run(ThreadPoolExecutor.java:642)&#13;
	at java.base/java.lang.Thread.run(Thread.java:1570)&#13;
Caused by: java.net.ConnectException&#13;
	at java.net.http/jdk.internal.net.http.HttpClientImpl.send(HttpClientImpl.java:956)&#13;
	at java.net.http/jdk.internal.net.http.HttpClientFacade.send(HttpClientFacade.java:133)&#13;
	at org.openqa.selenium.remote.http.jdk.JdkHttpClient.execute0(JdkHttpClient.java:455)&#13;
	... 8 more&#13;
Caused by: java.net.ConnectException&#13;
	at java.net.http/jdk.internal.net.http.common.Utils.toConnectException(Utils.java:1065)&#13;
	at java.net.http/jdk.internal.net.http.PlainHttpConnection.connectAsync(PlainHttpConnection.java:227)&#13;
	at java.net.http/jdk.internal.net.http.PlainHttpConnection.checkRetryConnect(PlainHttpConnection.java:280)&#13;
	at java.net.http/jdk.internal.net.http.PlainHttpConnection.lambda$connectAsync$2(PlainHttpConnection.java:238)&#13;
	at java.base/java.util.concurrent.CompletableFuture.uniHandle(CompletableFuture.java:934)&#13;
	at java.base/java.util.concurrent.CompletableFuture$UniHandle.tryFire(CompletableFuture.java:911)&#13;
	at java.base/java.util.concurrent.CompletableFuture.postComplete(CompletableFuture.java:510)&#13;
	at java.base/java.util.concurrent.CompletableFuture$AsyncSupply.run(CompletableFuture.java:1773)&#13;
	... 3 more&#13;
Caused by: java.nio.channels.ClosedChannelException&#13;
	at java.base/sun.nio.ch.SocketChannelImpl.ensureOpen(SocketChannelImpl.java:204)&#13;
	at java.base/sun.nio.ch.SocketChannelImpl.beginConnect(SocketChannelImpl.java:873)&#13;
	at java.base/sun.nio.ch.SocketChannelImpl.connect(SocketChannelImpl.java:961)&#13;
	at java.net.http/jdk.internal.net.http.PlainHttpConnection.lambda$connectAsync$1(PlainHttpConnection.java:210)&#13;
	at java.base/java.security.AccessController.doPrivileged(AccessController.java:571)&#13;
	at java.net.http/jdk.internal.net.http.PlainHttpConnection.connectAsync(PlainHttpConnection.java:212)&#13;
	... 9 more&#13;
</output>
            </test>
        </suite>
    </suite>
</testrun>
